<?xml version="1.0" encoding="UTF-8"?>
<testsuite name="com.hero.services.HeroServiceTest" tests="2" skipped="0" failures="0" errors="0" timestamp="2018-06-07T05:23:09" hostname="MacBookPro" time="0.001">
  <properties/>
  <testcase name="getHeroes_returnsHeroes" classname="com.hero.services.HeroServiceTest" time="0.0"/>
  <testcase name="getHero_whenGivenAnId_returnsHero" classname="com.hero.services.HeroServiceTest" time="0.0"/>
  <system-out><![CDATA[]]></system-out>
  <system-err><![CDATA[]]></system-err>
</testsuite>
